<?xml version="1.0" encoding="UTF-8"?>
<!-- Generated by org.testng.reporters.JUnitReportReporter -->
<testsuite hostname="PC0050" name="com.netease.demo.TestNg" tests="2" failures="0" timestamp="26 May 2014 02:19:52 GMT" time="35.817" errors="0">
  <testcase name="doTest" time="10.337" classname="com.netease.demo.TestNg"/>
  <testcase name="doTest" time="25.480" classname="com.netease.demo.TestNg"/>
</testsuite> <!-- com.netease.demo.TestNg -->
