<?xml version="1.0" encoding="UTF-8"?>
<!-- Generated by org.testng.reporters.JUnitReportReporter -->
<testsuite hostname="PC0050" name="com.fmb.page.LoginTest" tests="5" failures="0" timestamp="26 May 2014 08:35:39 GMT" time="43.509" errors="0">
  <testcase name="afterLoginTest" time="11.703" classname="com.fmb.page.LoginTest"/>
  <testcase name="LoginTestCase" time="1.583" classname="com.fmb.page.LoginTest"/>
  <testcase name="SheQuTestCase" time="5.509" classname="com.fmb.page.LoginTest"/>
  <testcase name="deleTopicTestCase" time="20.913" classname="com.fmb.page.LoginTest"/>
  <testcase name="createTopicTestCase" time="3.801" classname="com.fmb.page.LoginTest"/>
</testsuite> <!-- com.fmb.page.LoginTest -->
