<?xml version="1.0" encoding="UTF-8"?>
<!-- Generated by org.testng.reporters.JUnitReportReporter -->
<testsuite hostname="PC0050" name="com.fmb.pagetest.DemoTest1" tests="4" failures="0" timestamp="10 Jul 2014 10:38:47 GMT" time="69.570" errors="0">
  <testcase name="quit" time="1.771" classname="com.fmb.pagetest.DemoTest1"/>
  <testcase name="createTopic" time="40.460" classname="com.fmb.pagetest.DemoTest1"/>
  <testcase name="Login" time="18.389" classname="com.fmb.pagetest.DemoTest1"/>
  <testcase name="opentaohuoxiuchang" time="8.950" classname="com.fmb.pagetest.DemoTest1"/>
</testsuite> <!-- com.fmb.pagetest.DemoTest1 -->
